[  0%] Built target std_msgs_generate_messages_py
[  0%] Built target std_msgs_generate_messages_eus
[  0%] Built target std_msgs_generate_messages_nodejs
[  0%] Built target roscpp_generate_messages_eus
[  0%] Built target std_msgs_generate_messages_lisp
[  0%] Built target roscpp_generate_messages_nodejs
[  0%] Built target _talker_custom_generate_messages_check_deps_custom_message
[  0%] Built target rosgraph_msgs_generate_messages_cpp
[  0%] Built target std_msgs_generate_messages_cpp
[  0%] Built target roscpp_generate_messages_cpp
[  9%] Built target talker_custom_generate_messages_lisp
[  9%] Built target rosgraph_msgs_generate_messages_eus
[  9%] Built target _catkin_empty_exported_target
[  9%] Built target roscpp_generate_messages_lisp
[  9%] Built target roscpp_generate_messages_py
[  9%] Built target rosgraph_msgs_generate_messages_py
[  9%] Built target rosgraph_msgs_generate_messages_nodejs
[  9%] Built target rosgraph_msgs_generate_messages_lisp
[ 27%] Built target talker_custom_generate_messages_py
[ 36%] Built target talker_custom_generate_messages_nodejs
[ 54%] Built target talker_custom_generate_messages_eus
[ 63%] Built target talker_custom_generate_messages_cpp
[ 63%] Built target talker_custom_generate_messages
[ 81%] Built target publisher
[100%] Built target subscriber
