[35m[1mScanning dependencies of target std_msgs_generate_messages_nodejs[0m
[35m[1mScanning dependencies of target std_msgs_generate_messages_py[0m
[35m[1mScanning dependencies of target std_msgs_generate_messages_eus[0m
[  0%] Built target std_msgs_generate_messages_nodejs
[  0%] Built target std_msgs_generate_messages_eus
[  0%] Built target std_msgs_generate_messages_py
[35m[1mScanning dependencies of target std_msgs_generate_messages_lisp[0m
[35m[1mScanning dependencies of target roscpp_generate_messages_eus[0m
[  0%] Built target _talker_custom_generate_messages_check_deps_custom_message
[35m[1mScanning dependencies of target roscpp_generate_messages_nodejs[0m
[  0%] Built target std_msgs_generate_messages_lisp
[35m[1mScanning dependencies of target std_msgs_generate_messages_cpp[0m
[35m[1mScanning dependencies of target rosgraph_msgs_generate_messages_cpp[0m
[  0%] Built target roscpp_generate_messages_nodejs
[  0%] Built target roscpp_generate_messages_eus
[  0%] Built target std_msgs_generate_messages_cpp
[35m[1mScanning dependencies of target roscpp_generate_messages_cpp[0m
[  0%] Built target rosgraph_msgs_generate_messages_cpp
[35m[1mScanning dependencies of target rosgraph_msgs_generate_messages_eus[0m
[ 11%] [34m[1mGenerating Lisp code from talker_custom/custom_message.msg[0m
[ 11%] Built target roscpp_generate_messages_cpp
[35m[1mScanning dependencies of target _catkin_empty_exported_target[0m
[ 11%] Built target rosgraph_msgs_generate_messages_eus
[ 11%] Built target _catkin_empty_exported_target
[35m[1mScanning dependencies of target roscpp_generate_messages_lisp[0m
[35m[1mScanning dependencies of target rosgraph_msgs_generate_messages_py[0m
[35m[1mScanning dependencies of target roscpp_generate_messages_py[0m
[ 11%] Built target roscpp_generate_messages_lisp
[ 11%] Built target rosgraph_msgs_generate_messages_py
[ 11%] Built target roscpp_generate_messages_py
[35m[1mScanning dependencies of target rosgraph_msgs_generate_messages_nodejs[0m
[35m[1mScanning dependencies of target rosgraph_msgs_generate_messages_lisp[0m
[ 11%] Built target talker_custom_generate_messages_lisp
[ 11%] Built target rosgraph_msgs_generate_messages_nodejs
[ 22%] [34m[1mGenerating Python from MSG talker_custom/custom_message[0m
[ 22%] Built target rosgraph_msgs_generate_messages_lisp
[ 33%] [34m[1mGenerating Javascript code from talker_custom/custom_message.msg[0m
[ 44%] [34m[1mGenerating EusLisp code from talker_custom/custom_message.msg[0m
[ 55%] [34m[1mGenerating C++ code from talker_custom/custom_message.msg[0m
[ 55%] Built target talker_custom_generate_messages_nodejs
[ 66%] [34m[1mGenerating EusLisp manifest code for talker_custom[0m
[ 66%] Built target talker_custom_generate_messages_cpp
[ 77%] [34m[1mGenerating Python msg __init__.py for talker_custom[0m
[ 77%] Built target talker_custom_generate_messages_py
[ 77%] Built target talker_custom_generate_messages_eus
[35m[1mScanning dependencies of target publisher[0m
[ 77%] Built target talker_custom_generate_messages
[ 88%] [32mBuilding CXX object CMakeFiles/publisher.dir/src/publisher.cpp.o[0m
[100%] [32m[1mLinking CXX executable /home/alynada/ros_ws/devel/.private/talker_custom/lib/talker_custom/publisher[0m
[100%] Built target publisher
