Linked: (/home/alynada/ros_ws/devel/.private/talker_custom/lib/pkgconfig/talker_custom.pc, /home/alynada/ros_ws/devel/lib/pkgconfig/talker_custom.pc)
Linked: (/home/alynada/ros_ws/devel/.private/talker_custom/lib/python3/dist-packages/talker_custom/__init__.py, /home/alynada/ros_ws/devel/lib/python3/dist-packages/talker_custom/__init__.py)
Linked: (/home/alynada/ros_ws/devel/.private/talker_custom/lib/python3/dist-packages/talker_custom/msg/__init__.py, /home/alynada/ros_ws/devel/lib/python3/dist-packages/talker_custom/msg/__init__.py)
Linked: (/home/alynada/ros_ws/devel/.private/talker_custom/lib/python3/dist-packages/talker_custom/msg/_custom_message.py, /home/alynada/ros_ws/devel/lib/python3/dist-packages/talker_custom/msg/_custom_message.py)
Linked: (/home/alynada/ros_ws/devel/.private/talker_custom/lib/talker_custom/subscriber, /home/alynada/ros_ws/devel/lib/talker_custom/subscriber)
Linked: (/home/alynada/ros_ws/devel/.private/talker_custom/lib/talker_custom/publisher, /home/alynada/ros_ws/devel/lib/talker_custom/publisher)
Linked: (/home/alynada/ros_ws/devel/.private/talker_custom/include/talker_custom/custom_message.h, /home/alynada/ros_ws/devel/include/talker_custom/custom_message.h)
Linked: (/home/alynada/ros_ws/devel/.private/talker_custom/share/common-lisp/ros/talker_custom/msg/_package_custom_message.lisp, /home/alynada/ros_ws/devel/share/common-lisp/ros/talker_custom/msg/_package_custom_message.lisp)
Linked: (/home/alynada/ros_ws/devel/.private/talker_custom/share/common-lisp/ros/talker_custom/msg/_package.lisp, /home/alynada/ros_ws/devel/share/common-lisp/ros/talker_custom/msg/_package.lisp)
Linked: (/home/alynada/ros_ws/devel/.private/talker_custom/share/common-lisp/ros/talker_custom/msg/talker_custom-msg.asd, /home/alynada/ros_ws/devel/share/common-lisp/ros/talker_custom/msg/talker_custom-msg.asd)
Linked: (/home/alynada/ros_ws/devel/.private/talker_custom/share/common-lisp/ros/talker_custom/msg/custom_message.lisp, /home/alynada/ros_ws/devel/share/common-lisp/ros/talker_custom/msg/custom_message.lisp)
Linked: (/home/alynada/ros_ws/devel/.private/talker_custom/share/gennodejs/ros/talker_custom/_index.js, /home/alynada/ros_ws/devel/share/gennodejs/ros/talker_custom/_index.js)
Linked: (/home/alynada/ros_ws/devel/.private/talker_custom/share/gennodejs/ros/talker_custom/msg/custom_message.js, /home/alynada/ros_ws/devel/share/gennodejs/ros/talker_custom/msg/custom_message.js)
Linked: (/home/alynada/ros_ws/devel/.private/talker_custom/share/gennodejs/ros/talker_custom/msg/_index.js, /home/alynada/ros_ws/devel/share/gennodejs/ros/talker_custom/msg/_index.js)
Linked: (/home/alynada/ros_ws/devel/.private/talker_custom/share/talker_custom/cmake/talker_customConfig-version.cmake, /home/alynada/ros_ws/devel/share/talker_custom/cmake/talker_customConfig-version.cmake)
Linked: (/home/alynada/ros_ws/devel/.private/talker_custom/share/talker_custom/cmake/talker_customConfig.cmake, /home/alynada/ros_ws/devel/share/talker_custom/cmake/talker_customConfig.cmake)
Linked: (/home/alynada/ros_ws/devel/.private/talker_custom/share/talker_custom/cmake/talker_custom-msg-extras.cmake, /home/alynada/ros_ws/devel/share/talker_custom/cmake/talker_custom-msg-extras.cmake)
Linked: (/home/alynada/ros_ws/devel/.private/talker_custom/share/talker_custom/cmake/talker_custom-msg-paths.cmake, /home/alynada/ros_ws/devel/share/talker_custom/cmake/talker_custom-msg-paths.cmake)
Linked: (/home/alynada/ros_ws/devel/.private/talker_custom/share/roseus/ros/talker_custom/manifest.l, /home/alynada/ros_ws/devel/share/roseus/ros/talker_custom/manifest.l)
Linked: (/home/alynada/ros_ws/devel/.private/talker_custom/share/roseus/ros/talker_custom/msg/custom_message.l, /home/alynada/ros_ws/devel/share/roseus/ros/talker_custom/msg/custom_message.l)
