[36m--[0m Using CATKIN_DEVEL_PREFIX: /home/alynada/ros_ws/devel/.private/talker_custom
[36m--[0m Using CMAKE_PREFIX_PATH: /home/alynada/ros_ws/devel;/home/alynada/catkin_ws/devel;/opt/ros/noetic
[36m--[0m This workspace overlays: /home/alynada/ros_ws/devel;/home/alynada/catkin_ws/devel;/opt/ros/noetic
[36m--[0m Found PythonInterp: /usr/bin/python3 (found suitable version "3.8.10", minimum required is "3")
[36m--[0m Using PYTHON_EXECUTABLE: /usr/bin/python3
[36m--[0m Using Debian Python package layout
[36m--[0m Using empy: /usr/lib/python3/dist-packages/em.py
[36m--[0m Using CATKIN_ENABLE_TESTING: ON
[36m--[0m Call enable_testing()
[36m--[0m Using CATKIN_TEST_RESULTS_DIR: /home/alynada/ros_ws/build/talker_custom/test_results
[36m--[0m Forcing gtest/gmock from source, though one was otherwise available.
[36m--[0m Found gtest sources under '/usr/src/googletest': gtests will be built
[36m--[0m Found gmock sources under '/usr/src/googletest': gmock will be built
[36m--[0m Found PythonInterp: /usr/bin/python3 (found version "3.8.10")
[36m--[0m Using Python nosetests: /usr/bin/nosetests3
[36m--[0m catkin 0.8.10
[36m--[0m BUILD_SHARED_LIBS is on
[36m--[0m Using these message generators: gencpp;geneus;genlisp;gennodejs;genpy
[36m--[0m talker_custom: 1 messages, 0 services
[31m[1mCMake Error[0m at /home/alynada/ros_ws/src/talker_custom/CMakeLists.txt:157 (add_dependencies):
  Cannot add target-level dependencies to non-existent target "subsciber".

  The add_dependencies works for top-level logical targets created by the
  add_executable, add_library, or add_custom_target commands.  If you want to
  add file-level dependencies see the DEPENDS option of the add_custom_target
  and add_custom_command commands.


[36m--[0m Configuring incomplete, errors occurred!
See also "/home/alynada/ros_ws/build/talker_custom/CMakeFiles/CMakeOutput.log".
See also "/home/alynada/ros_ws/build/talker_custom/CMakeFiles/CMakeError.log".
make: *** [Makefile:756: cmake_check_build_system] Error 1
