[  0%] Built target std_msgs_generate_messages_eus
[  0%] Built target std_msgs_generate_messages_nodejs
[  0%] Built target std_msgs_generate_messages_py
[  0%] Built target roscpp_generate_messages_eus
[  0%] Built target roscpp_generate_messages_nodejs
[  0%] Built target std_msgs_generate_messages_lisp
[  0%] Built target _talker_custom_generate_messages_check_deps_custom_message
[  0%] Built target std_msgs_generate_messages_cpp
[  0%] Built target rosgraph_msgs_generate_messages_cpp
[  0%] Built target roscpp_generate_messages_cpp
[  0%] Built target rosgraph_msgs_generate_messages_eus
[  0%] Built target _catkin_empty_exported_target
[  0%] Built target roscpp_generate_messages_lisp
[  0%] Built target rosgraph_msgs_generate_messages_py
[  0%] Built target roscpp_generate_messages_py
[  0%] Built target rosgraph_msgs_generate_messages_nodejs
[  0%] Built target rosgraph_msgs_generate_messages_lisp
[  9%] Built target talker_custom_generate_messages_nodejs
[ 27%] Built target talker_custom_generate_messages_py
[ 36%] Built target talker_custom_generate_messages_cpp
[ 54%] Built target talker_custom_generate_messages_eus
[ 63%] Built target talker_custom_generate_messages_lisp
[35m[1mScanning dependencies of target subscriber[0m
[ 63%] Built target talker_custom_generate_messages
[ 72%] [32mBuilding CXX object CMakeFiles/subscriber.dir/src/subscriber.cpp.o[0m
[ 90%] Built target publisher
[100%] [32m[1mLinking CXX executable /home/alynada/ros_ws/devel/.private/talker_custom/lib/talker_custom/subscriber[0m
[100%] Built target subscriber
